<?xml version="1.0" encoding="UTF-8" ?>
<testsuite errors="0" failures="0" hostname="Sanket-Laptop" name="tests.SimpleTest" skipped="0" tests="1" time="0.225" timestamp="2015-05-26T05:56:28">
  <properties>
    <property name="java.vendor" value="Oracle Corporation" />
    <property name="sun.java.launcher" value="SUN_STANDARD" />
    <property name="sun.management.compiler" value="HotSpot 64-Bit Tiered Compilers" />
    <property name="os.name" value="Windows 7" />
    <property name="sun.boot.class.path" value="C:\Program Files\Java\jdk1.7.0_79\jre\lib\resources.jar;C:\Program Files\Java\jdk1.7.0_79\jre\lib\rt.jar;C:\Program Files\Java\jdk1.7.0_79\jre\lib\sunrsasign.jar;C:\Program Files\Java\jdk1.7.0_79\jre\lib\jsse.jar;C:\Program Files\Java\jdk1.7.0_79\jre\lib\jce.jar;C:\Program Files\Java\jdk1.7.0_79\jre\lib\charsets.jar;C:\Program Files\Java\jdk1.7.0_79\jre\lib\jfr.jar;C:\Program Files\Java\jdk1.7.0_79\jre\classes" />
    <property name="sun.desktop" value="windows" />
    <property name="java.vm.specification.vendor" value="Oracle Corporation" />
    <property name="ant.home" value="D:\DATA\Utilities\Ant\apache-ant-1.9.4\bin\.." />
    <property name="build-info.DSTAMP" value="20150526" />
    <property name="java.runtime.version" value="1.7.0_79-b15" />
    <property name="user.name" value="sanket" />
    <property name="user.language" value="en" />
    <property name="sun.boot.library.path" value="C:\Program Files\Java\jdk1.7.0_79\jre\bin" />
    <property name="ant.project.default-target" value="compile" />
    <property name="ant.project.name" value="ROOT" />
    <property name="java.version" value="1.7.0_79" />
    <property name="user.timezone" value="" />
    <property name="sun.arch.data.model" value="64" />
    <property name="java.endorsed.dirs" value="C:\Program Files\Java\jdk1.7.0_79\jre\lib\endorsed" />
    <property name="sun.cpu.isalist" value="amd64" />
    <property name="sun.jnu.encoding" value="Cp1252" />
    <property name="file.encoding.pkg" value="sun.io" />
    <property name="file.separator" value="\" />
    <property name="java.specification.name" value="Java Platform API Specification" />
    <property name="java.class.version" value="51.0" />
    <property name="user.country" value="IN" />
    <property name="build-info.current-date" value="26-May-2015" />
    <property name="java.home" value="C:\Program Files\Java\jdk1.7.0_79\jre" />
    <property name="java.vm.info" value="mixed mode" />
    <property name="ant.file" value="C:\Users\sanket\My Documents\NetBeansProjects\testrep\build.xml" />
    <property name="os.version" value="6.1" />
    <property name="build-info.TODAY" value="May 26 2015" />
    <property name="path.separator" value=";" />
    <property name="java.vm.version" value="24.79-b02" />
    <property name="user.variant" value="" />
    <property name="ant.library.dir" value="D:\DATA\Utilities\Ant\apache-ant-1.9.4\lib" />
    <property name="java.awt.printerjob" value="sun.awt.windows.WPrinterJob" />
    <property name="web-xml-file" value="web/WEB-INF/web.xml" />
    <property name="sun.io.unicode.encoding" value="UnicodeLittle" />
    <property name="awt.toolkit" value="sun.awt.windows.WToolkit" />
    <property name="user.script" value="" />
    <property name="outputDir" value="antbuild" />
    <property name="junit.results" value="test-results" />
    <property name="user.home" value="C:\Users\sanket" />
    <property name="ant.file.ROOT" value="C:\Users\sanket\My Documents\NetBeansProjects\testrep\build.xml" />
    <property name="java.specification.vendor" value="Oracle Corporation" />
    <property name="ant.file.type.ROOT" value="file" />
    <property name="java.library.path" value="C:\Program Files\Java\jdk1.7.0_79\bin;C:\Windows\Sun\Java\bin;C:\Windows\system32;C:\Windows;C:\ProgramData\Oracle\Java\javapath;C:\Program Files (x86)\Intel\iCLS Client\;C:\Program Files\Intel\iCLS Client\;C:\Windows\system32;C:\Windows;C:\Windows\System32\Wbem;C:\Windows\System32\WindowsPowerShell\v1.0\;C:\Program Files\Intel\Intel(R) Management Engine Components\DAL;C:\Program Files\Intel\Intel(R) Management Engine Components\IPT;C:\Program Files (x86)\Intel\Intel(R) Management Engine Components\DAL;C:\Program Files (x86)\Intel\Intel(R) Management Engine Components\IPT;C:\Program Files\Intel\WiFi\bin\;C:\Program Files\Common Files\Intel\WirelessCommon\;C:\Program Files\Lenovo\Fingerprint Manager Pro\;C:\Program Files (x86)\Skype\Phone\;C:\Program Files (x86)\Git\bin;C:\Program Files (x86)\Git\cmd;D:\DATA\Utilities\Ant\apache-ant-1.9.4\bin;C:\Program Files\Intel\WiFi\bin\;C:\Program Files\Common Files\Intel\WirelessCommon\;." />
    <property name="java.vendor.url" value="http://java.oracle.com/" />
    <property name="builder" value="Team" />
    <property name="build-info.TSTAMP" value="1126" />
    <property name="java.vm.vendor" value="Oracle Corporation" />
    <property name="war-file-name" value="ROOT.war" />
    <property name="java.runtime.name" value="Java(TM) SE Runtime Environment" />
    <property name="sun.java.command" value="org.apache.tools.ant.launch.Launcher test1" />
    <property name="java.class.path" value="D:\DATA\Utilities\Ant\apache-ant-1.9.4\bin\..\lib\ant-launcher.jar;D:\DATA\Utilities\Ant\apache-ant-1.9.4\lib\ant-antlr.jar;D:\DATA\Utilities\Ant\apache-ant-1.9.4\lib\ant-apache-bcel.jar;D:\DATA\Utilities\Ant\apache-ant-1.9.4\lib\ant-apache-bsf.jar;D:\DATA\Utilities\Ant\apache-ant-1.9.4\lib\ant-apache-log4j.jar;D:\DATA\Utilities\Ant\apache-ant-1.9.4\lib\ant-apache-oro.jar;D:\DATA\Utilities\Ant\apache-ant-1.9.4\lib\ant-apache-regexp.jar;D:\DATA\Utilities\Ant\apache-ant-1.9.4\lib\ant-apache-resolver.jar;D:\DATA\Utilities\Ant\apache-ant-1.9.4\lib\ant-apache-xalan2.jar;D:\DATA\Utilities\Ant\apache-ant-1.9.4\lib\ant-commons-logging.jar;D:\DATA\Utilities\Ant\apache-ant-1.9.4\lib\ant-commons-net.jar;D:\DATA\Utilities\Ant\apache-ant-1.9.4\lib\ant-jai.jar;D:\DATA\Utilities\Ant\apache-ant-1.9.4\lib\ant-javamail.jar;D:\DATA\Utilities\Ant\apache-ant-1.9.4\lib\ant-jdepend.jar;D:\DATA\Utilities\Ant\apache-ant-1.9.4\lib\ant-jmf.jar;D:\DATA\Utilities\Ant\apache-ant-1.9.4\lib\ant-jsch.jar;D:\DATA\Utilities\Ant\apache-ant-1.9.4\lib\ant-junit.jar;D:\DATA\Utilities\Ant\apache-ant-1.9.4\lib\ant-junit4.jar;D:\DATA\Utilities\Ant\apache-ant-1.9.4\lib\ant-launcher.jar;D:\DATA\Utilities\Ant\apache-ant-1.9.4\lib\ant-netrexx.jar;D:\DATA\Utilities\Ant\apache-ant-1.9.4\lib\ant-swing.jar;D:\DATA\Utilities\Ant\apache-ant-1.9.4\lib\ant-testutil.jar;D:\DATA\Utilities\Ant\apache-ant-1.9.4\lib\ant.jar;C:\Program Files\Java\jdk1.7.0_79\lib\tools.jar" />
    <property name="ant.version" value="Apache Ant(TM) version 1.9.4 compiled on April 29 2014" />
    <property name="build-info.current-time" value="11:26:25 AM IST" />
    <property name="java.vm.specification.name" value="Java Virtual Machine Specification" />
    <property name="ant.file.type" value="file" />
    <property name="java.vm.specification.version" value="1.7" />
    <property name="sun.cpu.endian" value="little" />
    <property name="sun.os.patch.level" value="Service Pack 1" />
    <property name="src.test" value="C:\Users\sanket\My Documents\NetBeansProjects\testrep\test" />
    <property name="java.io.tmpdir" value="C:\Users\sanket\AppData\Local\Temp\" />
    <property name="java.vendor.url.bug" value="http://bugreport.sun.com/bugreport/" />
    <property name="sourceDir" value="src" />
    <property name="os.arch" value="amd64" />
    <property name="java.awt.graphicsenv" value="sun.awt.Win32GraphicsEnvironment" />
    <property name="java.ext.dirs" value="C:\Program Files\Java\jdk1.7.0_79\jre\lib\ext;C:\Windows\Sun\Java\lib\ext" />
    <property name="user.dir" value="C:\Users\sanket\My Documents\NetBeansProjects\testrep" />
    <property name="line.separator" value="&#xd;&#xa;" />
    <property name="java.vm.name" value="Java HotSpot(TM) 64-Bit Server VM" />
    <property name="basedir" value="C:\Users\sanket\My Documents\NetBeansProjects\testrep" />
    <property name="build-directory" value="dist" />
    <property name="ant.java.version" value="1.7" />
    <property name="ant.core.lib" value="D:\DATA\Utilities\Ant\apache-ant-1.9.4\lib\ant.jar" />
    <property name="file.encoding" value="Cp1252" />
    <property name="java.specification.version" value="1.7" />
    <property name="ant.project.invoked-targets" value="test1" />
  </properties>
  <testcase classname="tests.SimpleTest" name="hello" time="0.003" />
  <system-out><![CDATA[]]></system-out>
  <system-err><![CDATA[]]></system-err>
</testsuite>
